version https://git-lfs.github.com/spec/v1
oid sha256:535be1a95cc83d2bd38f5a5041cb477b32a2b3a8fe27a308645ff83f2d78b55f
size 32182
